{
  "RSpec": {
    "coverage": {
      "/vagrant/STI/treinamento_ps/atividade_pratica/app/helpers/application_helper.rb": {
        "lines": [
          1,
          null
        ]
      },
      "/vagrant/STI/treinamento_ps/atividade_pratica/app/helpers/college_helper.rb": {
        "lines": [
          1,
          1,
          0,
          null,
          null
        ]
      },
      "/vagrant/STI/treinamento_ps/atividade_pratica/app/helpers/rides_helper.rb": {
        "lines": [
          1,
          1,
          50,
          null,
          null,
          1,
          0,
          null,
          null
        ]
      },
      "/vagrant/STI/treinamento_ps/atividade_pratica/app/helpers/users_helper.rb": {
        "lines": [
          1,
          1,
          9,
          null,
          null
        ]
      },
      "/vagrant/STI/treinamento_ps/atividade_pratica/app/models/user.rb": {
        "lines": [
          1,
          1,
          null,
          1,
          null,
          null,
          1,
          null,
          1,
          null,
          1,
          1,
          null,
          null,
          1,
          16,
          null,
          null,
          1,
          88,
          null,
          null,
          1,
          9,
          9,
          null,
          0,
          null,
          null,
          null,
          null
        ]
      },
      "/vagrant/STI/treinamento_ps/atividade_pratica/app/models/application_record.rb": {
        "lines": [
          1,
          1,
          null
        ]
      },
      "/vagrant/STI/treinamento_ps/atividade_pratica/app/controllers/application_controller.rb": {
        "lines": [
          1,
          1,
          1,
          null,
          1,
          90,
          null,
          null
        ]
      },
      "/vagrant/STI/treinamento_ps/atividade_pratica/app/controllers/welcome_controller.rb": {
        "lines": [
          1,
          1,
          null,
          null,
          1,
          null,
          null,
          null
        ]
      },
      "/vagrant/STI/treinamento_ps/atividade_pratica/app/models/college.rb": {
        "lines": [
          1,
          1,
          1,
          1,
          1,
          null,
          1,
          0,
          null,
          null,
          null
        ]
      },
      "/vagrant/STI/treinamento_ps/atividade_pratica/app/models/ride.rb": {
        "lines": [
          1,
          1,
          1,
          1,
          null,
          1,
          1,
          1,
          null,
          1,
          1,
          null,
          null,
          1,
          3,
          3,
          15,
          0,
          null,
          null,
          null,
          null,
          1,
          15,
          null,
          null,
          null,
          null,
          null,
          1,
          15,
          9,
          null,
          6,
          6,
          3,
          null,
          3,
          3,
          null,
          null,
          6,
          null,
          null,
          null,
          null,
          1,
          0,
          0,
          null,
          null,
          1,
          25,
          null,
          null,
          1,
          25,
          null,
          null,
          1,
          0,
          null,
          null,
          1,
          0,
          null,
          null,
          1,
          40,
          null,
          null,
          1,
          0,
          0,
          0,
          0,
          0,
          null,
          0,
          null,
          null,
          null,
          null,
          null,
          null,
          null,
          null,
          0,
          0,
          null,
          null,
          1,
          0,
          0,
          0,
          0,
          0,
          null,
          0,
          null,
          null,
          null,
          null,
          null,
          null,
          null,
          null,
          0,
          0,
          null,
          null,
          1,
          0,
          0,
          0,
          0,
          0,
          null,
          0,
          0,
          null,
          null,
          null,
          null,
          null,
          0,
          null,
          null,
          1,
          0,
          0,
          0,
          0,
          0,
          null,
          0,
          0,
          null,
          null,
          null,
          null,
          null,
          0,
          null,
          null,
          1,
          0,
          null,
          null,
          null,
          1,
          null,
          1,
          10,
          0,
          null,
          null,
          null,
          1,
          40,
          40,
          0,
          null,
          40,
          0,
          null,
          null,
          null,
          null
        ]
      },
      "/vagrant/STI/treinamento_ps/atividade_pratica/app/models/waypoint.rb": {
        "lines": [
          1,
          1,
          null,
          1,
          null,
          1,
          null,
          1,
          0,
          0,
          0,
          0,
          0,
          0,
          0,
          0,
          null,
          0,
          0,
          null,
          null,
          null,
          0,
          null,
          null
        ]
      },
      "/vagrant/STI/treinamento_ps/atividade_pratica/app/controllers/rides_controller.rb": {
        "lines": [
          1,
          1,
          1,
          null,
          1,
          15,
          null,
          null,
          1,
          0,
          0,
          null,
          0,
          null,
          null,
          null,
          1,
          3,
          3,
          null,
          null,
          1,
          null,
          null,
          1,
          0,
          null,
          null,
          1,
          null,
          null,
          1,
          0,
          0,
          0,
          0,
          null,
          0,
          null,
          0,
          0,
          0,
          0,
          0,
          0,
          0,
          0,
          null,
          0,
          null,
          null,
          0,
          null,
          null,
          null,
          1,
          0,
          0,
          0,
          0,
          0,
          null,
          0,
          null,
          null,
          0,
          null,
          null,
          null,
          1,
          0,
          0,
          null,
          null,
          1,
          0,
          0,
          null,
          0,
          null,
          null,
          null,
          null,
          1,
          1,
          0,
          null,
          null,
          1,
          3,
          null,
          null,
          1,
          0,
          null,
          null,
          null,
          null,
          null,
          null,
          null,
          null,
          null,
          null,
          null,
          null,
          1,
          0,
          null,
          null,
          null,
          null,
          null,
          null,
          1,
          0,
          null,
          null,
          null,
          null,
          null,
          null
        ]
      },
      "/vagrant/STI/treinamento_ps/atividade_pratica/app/controllers/colleges_controller.rb": {
        "lines": [
          1,
          1,
          null,
          1,
          15,
          15,
          15,
          30,
          null,
          null,
          null,
          1,
          0,
          null,
          null,
          1,
          null,
          null,
          1,
          0,
          0,
          0,
          0,
          0,
          null,
          0,
          null,
          null,
          null,
          null,
          1,
          0,
          0,
          null,
          0,
          null,
          null,
          null,
          1,
          0,
          0,
          null,
          0,
          null,
          null,
          null,
          1,
          1,
          0,
          null,
          null,
          1,
          0,
          null,
          null
        ]
      },
      "/vagrant/STI/treinamento_ps/atividade_pratica/app/controllers/users_controller.rb": {
        "lines": [
          1,
          1,
          null,
          1,
          8,
          8,
          12,
          12,
          null,
          null,
          null,
          1,
          0,
          null,
          null,
          1,
          null,
          null,
          1,
          5,
          null,
          null,
          1,
          null,
          null,
          1,
          5,
          5,
          5,
          1,
          null,
          4,
          null,
          null,
          null,
          1,
          5,
          1,
          null,
          4,
          null,
          null,
          null,
          1,
          1,
          1,
          1,
          null,
          0,
          null,
          null,
          null,
          1,
          1,
          13,
          null,
          null,
          1,
          5,
          null,
          null,
          1,
          5,
          null,
          null
        ]
      },
      "/vagrant/STI/treinamento_ps/atividade_pratica/app/controllers/authenticate_controller.rb": {
        "lines": [
          0,
          0,
          0,
          0,
          0
        ],
        "branches": {
        }
      },
      "/vagrant/STI/treinamento_ps/atividade_pratica/app/controllers/waypoints_controller.rb": {
        "lines": [
          0,
          0,
          0,
          null,
          null,
          0,
          0,
          null,
          0,
          0,
          null,
          0,
          0,
          0,
          0,
          0,
          0,
          0,
          null,
          0,
          0,
          0,
          0,
          null,
          0,
          0,
          0,
          0,
          null,
          0,
          0,
          0,
          null,
          0
        ],
        "branches": {
        }
      },
      "/vagrant/STI/treinamento_ps/atividade_pratica/app/models/reservation.rb": {
        "lines": [
          0,
          0,
          0,
          0
        ],
        "branches": {
        }
      }
    },
    "timestamp": 1653487328
  }
}
